Spark Command: /usr/lib/jvm/java-11-openjdk-amd64/bin/java -cp /home/marcos/19.2/SD/spark/conf/:/home/marcos/19.2/SD/spark/jars/* -Xmx1g org.apache.spark.deploy.master.Master --host marcos-pc --port 7077 --webui-port 8080
========================================
Using Spark's default log4j profile: org/apache/spark/log4j-defaults.properties
19/09/16 12:42:17 INFO Master: Started daemon with process name: 12611@marcos-pc
19/09/16 12:42:17 INFO SignalUtils: Registered signal handler for TERM
19/09/16 12:42:17 INFO SignalUtils: Registered signal handler for HUP
19/09/16 12:42:17 INFO SignalUtils: Registered signal handler for INT
19/09/16 12:42:17 WARN Utils: Your hostname, marcos-pc resolves to a loopback address: 127.0.1.1; using 192.168.0.117 instead (on interface enp3s0)
19/09/16 12:42:17 WARN Utils: Set SPARK_LOCAL_IP if you need to bind to another address
WARNING: An illegal reflective access operation has occurred
WARNING: Illegal reflective access by org.apache.spark.unsafe.Platform (file:/home/marcos/19.2/SD/spark/jars/spark-unsafe_2.11-2.4.4.jar) to method java.nio.Bits.unaligned()
WARNING: Please consider reporting this to the maintainers of org.apache.spark.unsafe.Platform
WARNING: Use --illegal-access=warn to enable warnings of further illegal reflective access operations
WARNING: All illegal access operations will be denied in a future release
19/09/16 12:42:20 WARN NativeCodeLoader: Unable to load native-hadoop library for your platform... using builtin-java classes where applicable
19/09/16 12:42:20 INFO SecurityManager: Changing view acls to: marcos
19/09/16 12:42:20 INFO SecurityManager: Changing modify acls to: marcos
19/09/16 12:42:20 INFO SecurityManager: Changing view acls groups to: 
19/09/16 12:42:20 INFO SecurityManager: Changing modify acls groups to: 
19/09/16 12:42:20 INFO SecurityManager: SecurityManager: authentication disabled; ui acls disabled; users  with view permissions: Set(marcos); groups with view permissions: Set(); users  with modify permissions: Set(marcos); groups with modify permissions: Set()
19/09/16 12:42:22 INFO Utils: Successfully started service 'sparkMaster' on port 7077.
19/09/16 12:42:22 INFO Master: Starting Spark master at spark://marcos-pc:7077
19/09/16 12:42:22 INFO Master: Running Spark version 2.4.4
19/09/16 12:42:23 INFO Utils: Successfully started service 'MasterUI' on port 8080.
19/09/16 12:42:23 INFO MasterWebUI: Bound MasterWebUI to 0.0.0.0, and started at http://192.168.0.117:8080
19/09/16 12:42:24 INFO Master: I have been elected leader! New state: ALIVE
19/09/17 08:16:56 ERROR Master: RECEIVED SIGNAL TERM
